<?xml version="1.0" encoding="UTF-8"?>
<!-- Generated by org.testng.reporters.JUnitReportReporter -->
<testsuite hostname="JBsPC" name="com.FreeCRM.Testcases.LoginTest" tests="1" failures="0" timestamp="15 Oct 2019 18:16:15 GMT" time="16.667" errors="0">
  <testcase name="loginApp" time="16.667" classname="com.FreeCRM.Testcases.LoginTest"/>
</testsuite> <!-- com.FreeCRM.Testcases.LoginTest -->
